\BOOKMARK [1][-]{section.1}{September 12, 2016}{}% 1
\BOOKMARK [2][-]{subsection.1.1}{Review of Differential Equations}{section.1}% 2
\BOOKMARK [1][-]{section.2}{September 14, 2016}{}% 3
\BOOKMARK [2][-]{subsection.2.1}{General Differential Equations Cont'd}{section.2}% 4
\BOOKMARK [2][-]{subsection.2.2}{Linear and Non-Linear Differential Equations}{section.2}% 5
\BOOKMARK [2][-]{subsection.2.3}{First Order Linear Equations}{section.2}% 6
\BOOKMARK [1][-]{section.3}{September 16, 2016}{}% 7
\BOOKMARK [2][-]{subsection.3.1}{First Order Linear Equations Cont'd}{section.3}% 8
\BOOKMARK [1][-]{section.4}{September 19, 2016}{}% 9
\BOOKMARK [2][-]{subsection.4.1}{First Order Separable Equations}{section.4}% 10
\BOOKMARK [2][-]{subsection.4.2}{Types of Equations}{section.4}% 11
\BOOKMARK [2][-]{subsection.4.3}{First Order Exact Equations}{section.4}% 12
\BOOKMARK [1][-]{section.5}{September 21, 2016}{}% 13
\BOOKMARK [2][-]{subsection.5.1}{Types of First Order Differential Equations}{section.5}% 14
\BOOKMARK [2][-]{subsection.5.2}{Bernoulli Equations}{section.5}% 15
\BOOKMARK [2][-]{subsection.5.3}{Homogeneous Equations}{section.5}% 16
\BOOKMARK [1][-]{section.6}{September 23, 2016}{}% 17
\BOOKMARK [2][-]{subsection.6.1}{Homogeneous Equations Cont'd}{section.6}% 18
\BOOKMARK [2][-]{subsection.6.2}{Integrating Factor}{section.6}% 19
\BOOKMARK [1][-]{section.7}{September 26, 2016}{}% 20
\BOOKMARK [2][-]{subsection.7.1}{Exponential Growth and Decay}{section.7}% 21
\BOOKMARK [2][-]{subsection.7.2}{Newton's Law of Cooling/Heating}{section.7}% 22
\BOOKMARK [1][-]{section.8}{September 28, 2016}{}% 23
\BOOKMARK [2][-]{subsection.8.1}{Mixing Problems}{section.8}% 24
\BOOKMARK [2][-]{subsection.8.2}{Electric Circuits}{section.8}% 25
\BOOKMARK [1][-]{section.9}{September 30, 2016}{}% 26
\BOOKMARK [2][-]{subsection.9.1}{Electric Circuits Cont'd}{section.9}% 27
\BOOKMARK [2][-]{subsection.9.2}{Second Order Linear Ordinary Differential Equations}{section.9}% 28
\BOOKMARK [1][-]{section.10}{October 3, 2016}{}% 29
\BOOKMARK [2][-]{subsection.10.1}{October 5, 2016}{section.10}% 30
\BOOKMARK [2][-]{subsection.10.2}{Second Order Linear Ordinary Differential Equations Cont'd}{section.10}% 31
\BOOKMARK [2][-]{subsection.10.3}{Reduction of Order}{section.10}% 32
\BOOKMARK [2][-]{subsection.10.4}{Equations with Constant Coefficients}{section.10}% 33
\BOOKMARK [1][-]{section.11}{October 7, 2016}{}% 34
\BOOKMARK [2][-]{subsection.11.1}{Constant Coefficients}{section.11}% 35
\BOOKMARK [1][-]{section.12}{October 12, 2016}{}% 36
\BOOKMARK [2][-]{subsection.12.1}{Higher Order Linear Ordinary Differential Equations}{section.12}% 37
\BOOKMARK [2][-]{subsection.12.2}{Higher Order Differential Equations}{section.12}% 38
\BOOKMARK [1][-]{section.13}{October 14, 2016}{}% 39
\BOOKMARK [2][-]{subsection.13.1}{Higher Order Linear Differential Equations with Constant Coefficients}{section.13}% 40
\BOOKMARK [2][-]{subsection.13.2}{The Method of Undetermined Coefficients}{section.13}% 41
\BOOKMARK [2][-]{subsection.13.3}{Summary of Solutions}{section.13}% 42
\BOOKMARK [1][-]{section.14}{October 17, 2016}{}% 43
\BOOKMARK [2][-]{subsection.14.1}{Undetermined Coefficients Method Cont'd}{section.14}% 44
\BOOKMARK [2][-]{subsection.14.2}{Summary of Solutions}{section.14}% 45
\BOOKMARK [1][-]{section.15}{October 19, 2016}{}% 46
\BOOKMARK [2][-]{subsection.15.1}{Variation of Parameters}{section.15}% 47
\BOOKMARK [1][-]{section.16}{October 21 , 2016}{}% 48
\BOOKMARK [2][-]{subsection.16.1}{Introduction and Properties of Laplace Transform}{section.16}% 49
\BOOKMARK [2][-]{subsection.16.2}{Properties of Laplace Transform}{section.16}% 50
\BOOKMARK [1][-]{section.17}{October 24, 2016}{}% 51
\BOOKMARK [2][-]{subsection.17.1}{The Laplace Transform Cont'd}{section.17}% 52
\BOOKMARK [1][-]{section.18}{October 26, 2016}{}% 53
\BOOKMARK [2][-]{subsection.18.1}{Midterm Review}{section.18}% 54
\BOOKMARK [1][-]{section.19}{October 31, 2016}{}% 55
\BOOKMARK [2][-]{subsection.19.1}{The Laplace Transform Cont'd}{section.19}% 56
\BOOKMARK [2][-]{subsection.19.2}{The Inverse Laplace Transform}{section.19}% 57
\BOOKMARK [1][-]{section.20}{November 2, 2016}{}% 58
\BOOKMARK [2][-]{subsection.20.1}{Inverse Laplace Transform Cont'd}{section.20}% 59
\BOOKMARK [2][-]{subsection.20.2}{Differential Equations with the Laplace Transform}{section.20}% 60
\BOOKMARK [1][-]{section.21}{November 4, 2016}{}% 61
\BOOKMARK [2][-]{subsection.21.1}{Problems of Inverse Laplace Transform}{section.21}% 62
\BOOKMARK [2][-]{subsection.21.2}{Systems of Linear Ordinary Differential Equations}{section.21}% 63
\BOOKMARK [1][-]{section.22}{November 7, 2016}{}% 64
\BOOKMARK [2][-]{subsection.22.1}{Systems of Linear Differential Equations Cont'd}{section.22}% 65
\BOOKMARK [1][-]{section.23}{November 9, 2016}{}% 66
\BOOKMARK [2][-]{subsection.23.1}{Systems of Linear Homogeneous Ordinary Differential Equations}{section.23}% 67
\BOOKMARK [1][-]{section.24}{November 25, 2016}{}% 68
\BOOKMARK [2][-]{subsection.24.1}{Sturn-Liouville Problems Cont'd}{section.24}% 69
\BOOKMARK [1][-]{section.25}{Separation of Variables Cont'd}{}% 70
\BOOKMARK [1][-]{section.26}{November 30, 2016}{}% 71
\BOOKMARK [2][-]{subsection.26.1}{}{section.26}% 72
\BOOKMARK [1][-]{section.27}{Paragraph}{}% 73
\BOOKMARK [1][-]{section.28}{Math}{}% 74
\BOOKMARK [2][-]{subsection.28.1}{Using alignment}{section.28}% 75
\BOOKMARK [1][-]{section.29}{Shortcuts}{}% 76
\BOOKMARK [1][-]{section.30}{Theorems and Proofs}{}% 77
\BOOKMARK [1][-]{section.31}{Referencing}{}% 78
\BOOKMARK [1][-]{section.32}{Numbered and Bulleted Lists}{}% 79
